<?xml version="1.0" encoding="UTF-8"?>
<!-- Generated by org.testng.reporters.JUnitReportReporter -->
<testsuite skipped="0" hostname="LAPTOP-CJ9086G7" name="day1.HTTPRequests" tests="4" failures="0" timestamp="06 Jun 2024 06:25:13 GMT" time="4.433" errors="0">
  <testcase name="getUsers" time="2.406" classname="day1.HTTPRequests"/>
  <testcase name="createUser" time="1.010" classname="day1.HTTPRequests"/>
  <testcase name="updateUser" time="0.496" classname="day1.HTTPRequests"/>
  <testcase name="deleteUser" time="0.521" classname="day1.HTTPRequests"/>
</testsuite> <!-- day1.HTTPRequests -->
